

Found multiple occurrences of org.json.JSONObject on the class path:

	jar:file:/C:/Users/wkzt/.m2/repository/com/vaadin/external/google/android-json/0.0.20131108.vaadin1/android-json-0.0.20131108.vaadin1.jar!/org/json/JSONObject.class
	jar:file:/E:/sell/src/main/resources/json.jar!/org/json/JSONObject.class

You may wish to exclude one of them to ensure predictable runtime behaviour

Starting OrderMasterRepositoryTest on wkzt-PC with PID 5168 (started by wkzt in E:\sell)
No active profile set, falling back to default profiles: default
Refreshing org.springframework.web.context.support.GenericWebApplicationContext@71984c3: startup date [Tue Oct 31 09:54:54 CST 2017]; root of context hierarchy
HV000001: Hibernate Validator 5.3.5.Final
Building JPA container EntityManagerFactory for persistence unit 'default'
HHH000204: Processing PersistenceUnitInfo [
	name: default
	...]
HHH000412: Hibernate Core {5.0.12.Final}
HHH000206: hibernate.properties not found
HHH000021: Bytecode provider name : javassist
HCANN000001: Hibernate Commons Annotations {5.0.1.Final}
HHH000400: Using dialect: org.hibernate.dialect.MySQL5Dialect
Initialized JPA EntityManagerFactory for persistence unit 'default'
Looking for @ControllerAdvice: org.springframework.web.context.support.GenericWebApplicationContext@71984c3: startup date [Tue Oct 31 09:54:54 CST 2017]; root of context hierarchy
Mapped "{[/buyer/product/list],methods=[GET]}" onto public com.wkzt.sell.vo.ResultVO com.wkzt.sell.controller.BuyerProductController.list()
Mapped "{[/error]}" onto public org.springframework.http.ResponseEntity<java.util.Map<java.lang.String, java.lang.Object>> org.springframework.boot.autoconfigure.web.BasicErrorController.error(javax.servlet.http.HttpServletRequest)
Mapped "{[/error],produces=[text/html]}" onto public org.springframework.web.servlet.ModelAndView org.springframework.boot.autoconfigure.web.BasicErrorController.errorHtml(javax.servlet.http.HttpServletRequest,javax.servlet.http.HttpServletResponse)
Mapped URL path [/webjars/**] onto handler of type [class org.springframework.web.servlet.resource.ResourceHttpRequestHandler]
Mapped URL path [/**] onto handler of type [class org.springframework.web.servlet.resource.ResourceHttpRequestHandler]
Mapped URL path [/**/favicon.ico] onto handler of type [class org.springframework.web.servlet.resource.ResourceHttpRequestHandler]
Started OrderMasterRepositoryTest in 14.903 seconds (JVM running for 21.399)
Closing org.springframework.web.context.support.GenericWebApplicationContext@71984c3: startup date [Tue Oct 31 09:54:54 CST 2017]; root of context hierarchy
Closing JPA EntityManagerFactory for persistence unit 'default'


Found multiple occurrences of org.json.JSONObject on the class path:

	jar:file:/C:/Users/wkzt/.m2/repository/com/vaadin/external/google/android-json/0.0.20131108.vaadin1/android-json-0.0.20131108.vaadin1.jar!/org/json/JSONObject.class
	jar:file:/E:/sell/src/main/resources/json.jar!/org/json/JSONObject.class

You may wish to exclude one of them to ensure predictable runtime behaviour

Starting OrderMasterRepositoryTest on wkzt-PC with PID 1624 (started by wkzt in E:\sell)
No active profile set, falling back to default profiles: default
Refreshing org.springframework.web.context.support.GenericWebApplicationContext@165b2f7f: startup date [Tue Oct 31 10:01:48 CST 2017]; root of context hierarchy
HV000001: Hibernate Validator 5.3.5.Final
Building JPA container EntityManagerFactory for persistence unit 'default'
HHH000204: Processing PersistenceUnitInfo [
	name: default
	...]
HHH000412: Hibernate Core {5.0.12.Final}
HHH000206: hibernate.properties not found
HHH000021: Bytecode provider name : javassist
HCANN000001: Hibernate Commons Annotations {5.0.1.Final}
HHH000400: Using dialect: org.hibernate.dialect.MySQL5Dialect
Initialized JPA EntityManagerFactory for persistence unit 'default'
Looking for @ControllerAdvice: org.springframework.web.context.support.GenericWebApplicationContext@165b2f7f: startup date [Tue Oct 31 10:01:48 CST 2017]; root of context hierarchy
Mapped "{[/buyer/product/list],methods=[GET]}" onto public com.wkzt.sell.vo.ResultVO com.wkzt.sell.controller.BuyerProductController.list()
Mapped "{[/error]}" onto public org.springframework.http.ResponseEntity<java.util.Map<java.lang.String, java.lang.Object>> org.springframework.boot.autoconfigure.web.BasicErrorController.error(javax.servlet.http.HttpServletRequest)
Mapped "{[/error],produces=[text/html]}" onto public org.springframework.web.servlet.ModelAndView org.springframework.boot.autoconfigure.web.BasicErrorController.errorHtml(javax.servlet.http.HttpServletRequest,javax.servlet.http.HttpServletResponse)
Mapped URL path [/webjars/**] onto handler of type [class org.springframework.web.servlet.resource.ResourceHttpRequestHandler]
Mapped URL path [/**] onto handler of type [class org.springframework.web.servlet.resource.ResourceHttpRequestHandler]
Mapped URL path [/**/favicon.ico] onto handler of type [class org.springframework.web.servlet.resource.ResourceHttpRequestHandler]
Started OrderMasterRepositoryTest in 22.945 seconds (JVM running for 27.583)
Closing org.springframework.web.context.support.GenericWebApplicationContext@165b2f7f: startup date [Tue Oct 31 10:01:48 CST 2017]; root of context hierarchy
Closing JPA EntityManagerFactory for persistence unit 'default'


Found multiple occurrences of org.json.JSONObject on the class path:

	jar:file:/C:/Users/wkzt/.m2/repository/com/vaadin/external/google/android-json/0.0.20131108.vaadin1/android-json-0.0.20131108.vaadin1.jar!/org/json/JSONObject.class
	jar:file:/E:/sell/src/main/resources/json.jar!/org/json/JSONObject.class

You may wish to exclude one of them to ensure predictable runtime behaviour

Starting OrderMasterRepositoryTest on wkzt-PC with PID 8944 (started by wkzt in E:\sell)
No active profile set, falling back to default profiles: default
Refreshing org.springframework.web.context.support.GenericWebApplicationContext@277f7dd3: startup date [Tue Oct 31 10:05:02 CST 2017]; root of context hierarchy
HV000001: Hibernate Validator 5.3.5.Final
Building JPA container EntityManagerFactory for persistence unit 'default'
HHH000204: Processing PersistenceUnitInfo [
	name: default
	...]
HHH000412: Hibernate Core {5.0.12.Final}
HHH000206: hibernate.properties not found
HHH000021: Bytecode provider name : javassist
HCANN000001: Hibernate Commons Annotations {5.0.1.Final}
HHH000400: Using dialect: org.hibernate.dialect.MySQL5Dialect
Initialized JPA EntityManagerFactory for persistence unit 'default'
Looking for @ControllerAdvice: org.springframework.web.context.support.GenericWebApplicationContext@277f7dd3: startup date [Tue Oct 31 10:05:02 CST 2017]; root of context hierarchy
Mapped "{[/buyer/product/list],methods=[GET]}" onto public com.wkzt.sell.vo.ResultVO com.wkzt.sell.controller.BuyerProductController.list()
Mapped "{[/error]}" onto public org.springframework.http.ResponseEntity<java.util.Map<java.lang.String, java.lang.Object>> org.springframework.boot.autoconfigure.web.BasicErrorController.error(javax.servlet.http.HttpServletRequest)
Mapped "{[/error],produces=[text/html]}" onto public org.springframework.web.servlet.ModelAndView org.springframework.boot.autoconfigure.web.BasicErrorController.errorHtml(javax.servlet.http.HttpServletRequest,javax.servlet.http.HttpServletResponse)
Mapped URL path [/webjars/**] onto handler of type [class org.springframework.web.servlet.resource.ResourceHttpRequestHandler]
Mapped URL path [/**] onto handler of type [class org.springframework.web.servlet.resource.ResourceHttpRequestHandler]
Mapped URL path [/**/favicon.ico] onto handler of type [class org.springframework.web.servlet.resource.ResourceHttpRequestHandler]
Started OrderMasterRepositoryTest in 10.33 seconds (JVM running for 11.832)
HHH000397: Using ASTQueryTranslatorFactory


Found multiple occurrences of org.json.JSONObject on the class path:

	jar:file:/C:/Users/wkzt/.m2/repository/com/vaadin/external/google/android-json/0.0.20131108.vaadin1/android-json-0.0.20131108.vaadin1.jar!/org/json/JSONObject.class
	jar:file:/E:/sell/src/main/resources/json.jar!/org/json/JSONObject.class

You may wish to exclude one of them to ensure predictable runtime behaviour

Starting OrderDetailRepositoryTest on wkzt-PC with PID 9980 (started by wkzt in E:\sell)
No active profile set, falling back to default profiles: default
Refreshing org.springframework.web.context.support.GenericWebApplicationContext@5536379e: startup date [Tue Oct 31 10:18:31 CST 2017]; root of context hierarchy
HV000001: Hibernate Validator 5.3.5.Final
Building JPA container EntityManagerFactory for persistence unit 'default'
HHH000204: Processing PersistenceUnitInfo [
	name: default
	...]
HHH000412: Hibernate Core {5.0.12.Final}
HHH000206: hibernate.properties not found
HHH000021: Bytecode provider name : javassist
HCANN000001: Hibernate Commons Annotations {5.0.1.Final}
HHH000400: Using dialect: org.hibernate.dialect.MySQL5Dialect
Initialized JPA EntityManagerFactory for persistence unit 'default'
Looking for @ControllerAdvice: org.springframework.web.context.support.GenericWebApplicationContext@5536379e: startup date [Tue Oct 31 10:18:31 CST 2017]; root of context hierarchy
Mapped "{[/buyer/product/list],methods=[GET]}" onto public com.wkzt.sell.vo.ResultVO com.wkzt.sell.controller.BuyerProductController.list()
Mapped "{[/error]}" onto public org.springframework.http.ResponseEntity<java.util.Map<java.lang.String, java.lang.Object>> org.springframework.boot.autoconfigure.web.BasicErrorController.error(javax.servlet.http.HttpServletRequest)
Mapped "{[/error],produces=[text/html]}" onto public org.springframework.web.servlet.ModelAndView org.springframework.boot.autoconfigure.web.BasicErrorController.errorHtml(javax.servlet.http.HttpServletRequest,javax.servlet.http.HttpServletResponse)
Mapped URL path [/webjars/**] onto handler of type [class org.springframework.web.servlet.resource.ResourceHttpRequestHandler]
Mapped URL path [/**] onto handler of type [class org.springframework.web.servlet.resource.ResourceHttpRequestHandler]
Mapped URL path [/**/favicon.ico] onto handler of type [class org.springframework.web.servlet.resource.ResourceHttpRequestHandler]
Started OrderDetailRepositoryTest in 11.308 seconds (JVM running for 13.684)
Closing org.springframework.web.context.support.GenericWebApplicationContext@5536379e: startup date [Tue Oct 31 10:18:31 CST 2017]; root of context hierarchy
Closing JPA EntityManagerFactory for persistence unit 'default'


Found multiple occurrences of org.json.JSONObject on the class path:

	jar:file:/C:/Users/wkzt/.m2/repository/com/vaadin/external/google/android-json/0.0.20131108.vaadin1/android-json-0.0.20131108.vaadin1.jar!/org/json/JSONObject.class
	jar:file:/E:/sell/src/main/resources/json.jar!/org/json/JSONObject.class

You may wish to exclude one of them to ensure predictable runtime behaviour

Starting OrderServiceImplTest on wkzt-PC with PID 3956 (started by wkzt in E:\sell)
No active profile set, falling back to default profiles: default
Refreshing org.springframework.web.context.support.GenericWebApplicationContext@58bf8650: startup date [Tue Oct 31 16:39:32 CST 2017]; root of context hierarchy
HV000001: Hibernate Validator 5.3.5.Final
Building JPA container EntityManagerFactory for persistence unit 'default'
HHH000204: Processing PersistenceUnitInfo [
	name: default
	...]
HHH000412: Hibernate Core {5.0.12.Final}
HHH000206: hibernate.properties not found
HHH000021: Bytecode provider name : javassist
HCANN000001: Hibernate Commons Annotations {5.0.1.Final}
HHH000400: Using dialect: org.hibernate.dialect.MySQL5Dialect
Initialized JPA EntityManagerFactory for persistence unit 'default'
Looking for @ControllerAdvice: org.springframework.web.context.support.GenericWebApplicationContext@58bf8650: startup date [Tue Oct 31 16:39:32 CST 2017]; root of context hierarchy
Mapped "{[/buyer/product/list],methods=[GET]}" onto public com.wkzt.sell.vo.ResultVO com.wkzt.sell.controller.BuyerProductController.list()
Mapped "{[/error]}" onto public org.springframework.http.ResponseEntity<java.util.Map<java.lang.String, java.lang.Object>> org.springframework.boot.autoconfigure.web.BasicErrorController.error(javax.servlet.http.HttpServletRequest)
Mapped "{[/error],produces=[text/html]}" onto public org.springframework.web.servlet.ModelAndView org.springframework.boot.autoconfigure.web.BasicErrorController.errorHtml(javax.servlet.http.HttpServletRequest,javax.servlet.http.HttpServletResponse)
Mapped URL path [/webjars/**] onto handler of type [class org.springframework.web.servlet.resource.ResourceHttpRequestHandler]
Mapped URL path [/**] onto handler of type [class org.springframework.web.servlet.resource.ResourceHttpRequestHandler]
Mapped URL path [/**/favicon.ico] onto handler of type [class org.springframework.web.servlet.resource.ResourceHttpRequestHandler]
Started OrderServiceImplTest in 23.225 seconds (JVM running for 27.89)
Closing org.springframework.web.context.support.GenericWebApplicationContext@58bf8650: startup date [Tue Oct 31 16:39:32 CST 2017]; root of context hierarchy
Closing JPA EntityManagerFactory for persistence unit 'default'
